

============================== 2022-08-15 11:29:43.122534 | 8feba83b-2649-40ec-952c-b73d281cacab ==============================
[0m11:29:43.122556 [info ] [MainThread]: Running with dbt=1.2.0
[0m11:29:43.123386 [debug] [MainThread]: running dbt with arguments {'write_json': True, 'use_colors': True, 'printer_width': 80, 'version_check': True, 'partial_parse': True, 'static_parser': True, 'profiles_dir': '/home/karthik/.dbt', 'send_anonymous_usage_stats': True, 'event_buffer_size': 100000, 'quiet': False, 'no_print': False, 'config_dir': False, 'which': 'debug', 'indirect_selection': 'eager'}
[0m11:29:43.123860 [debug] [MainThread]: Tracking: tracking
[0m11:29:43.139087 [debug] [MainThread]: Sending event: {'category': 'dbt', 'action': 'invocation', 'label': 'start', 'context': [<snowplow_tracker.self_describing_json.SelfDescribingJson object at 0x7f1ee89800a0>, <snowplow_tracker.self_describing_json.SelfDescribingJson object at 0x7f1ee8980cd0>, <snowplow_tracker.self_describing_json.SelfDescribingJson object at 0x7f1ee8980df0>]}
[0m11:29:43.233192 [debug] [MainThread]: Executing "git --help"
[0m11:29:43.240250 [debug] [MainThread]: STDOUT: "b"usage: git [--version] [--help] [-C <path>] [-c <name>=<value>]\n           [--exec-path[=<path>]] [--html-path] [--man-path] [--info-path]\n           [-p | --paginate | -P | --no-pager] [--no-replace-objects] [--bare]\n           [--git-dir=<path>] [--work-tree=<path>] [--namespace=<name>]\n           <command> [<args>]\n\nThese are common Git commands used in various situations:\n\nstart a working area (see also: git help tutorial)\n   clone             Clone a repository into a new directory\n   init              Create an empty Git repository or reinitialize an existing one\n\nwork on the current change (see also: git help everyday)\n   add               Add file contents to the index\n   mv                Move or rename a file, a directory, or a symlink\n   restore           Restore working tree files\n   rm                Remove files from the working tree and from the index\n   sparse-checkout   Initialize and modify the sparse-checkout\n\nexamine the history and state (see also: git help revisions)\n   bisect            Use binary search to find the commit that introduced a bug\n   diff              Show changes between commits, commit and working tree, etc\n   grep              Print lines matching a pattern\n   log               Show commit logs\n   show              Show various types of objects\n   status            Show the working tree status\n\ngrow, mark and tweak your common history\n   branch            List, create, or delete branches\n   commit            Record changes to the repository\n   merge             Join two or more development histories together\n   rebase            Reapply commits on top of another base tip\n   reset             Reset current HEAD to the specified state\n   switch            Switch branches\n   tag               Create, list, delete or verify a tag object signed with GPG\n\ncollaborate (see also: git help workflows)\n   fetch             Download objects and refs from another repository\n   pull              Fetch from and integrate with another repository or a local branch\n   push              Update remote refs along with associated objects\n\n'git help -a' and 'git help -g' list available subcommands and some\nconcept guides. See 'git help <command>' or 'git help <concept>'\nto read about a specific subcommand or concept.\nSee 'git help git' for an overview of the system.\n""
[0m11:29:43.241071 [debug] [MainThread]: STDERR: "b''"
[0m11:29:43.250583 [debug] [MainThread]: Acquiring new postgres connection "debug"
[0m11:29:43.252081 [debug] [MainThread]: Using postgres connection "debug"
[0m11:29:43.252429 [debug] [MainThread]: On debug: select 1 as id
[0m11:29:43.252712 [debug] [MainThread]: Opening a new connection, currently in state init
[0m11:29:43.274467 [debug] [MainThread]: SQL status: SELECT 1 in 0.02 seconds
[0m11:29:43.277432 [debug] [MainThread]: On debug: Close
[0m11:29:43.278660 [debug] [MainThread]: Sending event: {'category': 'dbt', 'action': 'invocation', 'label': 'end', 'context': [<snowplow_tracker.self_describing_json.SelfDescribingJson object at 0x7f1ee7124340>, <snowplow_tracker.self_describing_json.SelfDescribingJson object at 0x7f1ee71312e0>, <snowplow_tracker.self_describing_json.SelfDescribingJson object at 0x7f1ee7131850>]}
[0m11:29:44.892999 [debug] [MainThread]: Connection 'debug' was properly closed.


============================== 2022-08-15 11:31:17.665312 | 5c460c3f-95eb-402a-89d3-a4f57cded7ea ==============================
[0m11:31:17.665354 [info ] [MainThread]: Running with dbt=1.2.0
[0m11:31:17.666543 [debug] [MainThread]: running dbt with arguments {'write_json': True, 'use_colors': True, 'printer_width': 80, 'version_check': True, 'partial_parse': True, 'static_parser': True, 'profiles_dir': '/home/karthik/.dbt', 'send_anonymous_usage_stats': True, 'event_buffer_size': 100000, 'quiet': False, 'no_print': False, 'which': 'run', 'rpc_method': 'run', 'indirect_selection': 'eager'}
[0m11:31:17.666870 [debug] [MainThread]: Tracking: tracking
[0m11:31:17.686951 [debug] [MainThread]: Sending event: {'category': 'dbt', 'action': 'invocation', 'label': 'start', 'context': [<snowplow_tracker.self_describing_json.SelfDescribingJson object at 0x7f35548d5580>, <snowplow_tracker.self_describing_json.SelfDescribingJson object at 0x7f35548d5610>, <snowplow_tracker.self_describing_json.SelfDescribingJson object at 0x7f35548d55e0>]}
[0m11:31:17.712200 [info ] [MainThread]: Partial parse save file not found. Starting full parse.
[0m11:31:17.712773 [debug] [MainThread]: Sending event: {'category': 'dbt', 'action': 'partial_parser', 'label': '5c460c3f-95eb-402a-89d3-a4f57cded7ea', 'context': [<snowplow_tracker.self_describing_json.SelfDescribingJson object at 0x7f35548ea940>]}
[0m11:31:17.742882 [debug] [MainThread]: Parsing macros/relations.sql
[0m11:31:17.746399 [debug] [MainThread]: Parsing macros/adapters.sql
[0m11:31:17.796531 [debug] [MainThread]: Parsing macros/catalog.sql
[0m11:31:17.801479 [debug] [MainThread]: Parsing macros/utils/dateadd.sql
[0m11:31:17.803041 [debug] [MainThread]: Parsing macros/utils/listagg.sql
[0m11:31:17.807688 [debug] [MainThread]: Parsing macros/utils/datediff.sql
[0m11:31:17.822359 [debug] [MainThread]: Parsing macros/utils/any_value.sql
[0m11:31:17.823696 [debug] [MainThread]: Parsing macros/utils/split_part.sql
[0m11:31:17.826403 [debug] [MainThread]: Parsing macros/utils/last_day.sql
[0m11:31:17.828628 [debug] [MainThread]: Parsing macros/materializations/snapshot_merge.sql
[0m11:31:17.831414 [debug] [MainThread]: Parsing macros/utils/concat.sql
[0m11:31:17.833101 [debug] [MainThread]: Parsing macros/utils/intersect.sql
[0m11:31:17.834556 [debug] [MainThread]: Parsing macros/utils/dateadd.sql
[0m11:31:17.837096 [debug] [MainThread]: Parsing macros/utils/literal.sql
[0m11:31:17.840266 [debug] [MainThread]: Parsing macros/utils/position.sql
[0m11:31:17.842963 [debug] [MainThread]: Parsing macros/utils/hash.sql
[0m11:31:17.844864 [debug] [MainThread]: Parsing macros/utils/listagg.sql
[0m11:31:17.849206 [debug] [MainThread]: Parsing macros/utils/replace.sql
[0m11:31:17.851499 [debug] [MainThread]: Parsing macros/utils/bool_or.sql
[0m11:31:17.853278 [debug] [MainThread]: Parsing macros/utils/right.sql
[0m11:31:17.857899 [debug] [MainThread]: Parsing macros/utils/cast_bool_to_text.sql
[0m11:31:17.860434 [debug] [MainThread]: Parsing macros/utils/data_types.sql
[0m11:31:17.872340 [debug] [MainThread]: Parsing macros/utils/length.sql
[0m11:31:17.875238 [debug] [MainThread]: Parsing macros/utils/escape_single_quotes.sql
[0m11:31:17.877550 [debug] [MainThread]: Parsing macros/utils/date_trunc.sql
[0m11:31:17.879485 [debug] [MainThread]: Parsing macros/utils/datediff.sql
[0m11:31:17.881842 [debug] [MainThread]: Parsing macros/utils/any_value.sql
[0m11:31:17.883435 [debug] [MainThread]: Parsing macros/utils/except.sql
[0m11:31:17.885223 [debug] [MainThread]: Parsing macros/utils/split_part.sql
[0m11:31:17.890950 [debug] [MainThread]: Parsing macros/utils/last_day.sql
[0m11:31:17.894781 [debug] [MainThread]: Parsing macros/utils/safe_cast.sql
[0m11:31:17.896699 [debug] [MainThread]: Parsing macros/get_custom_name/get_custom_database.sql
[0m11:31:17.899348 [debug] [MainThread]: Parsing macros/get_custom_name/get_custom_alias.sql
[0m11:31:17.901904 [debug] [MainThread]: Parsing macros/get_custom_name/get_custom_schema.sql
[0m11:31:17.909125 [debug] [MainThread]: Parsing macros/adapters/indexes.sql
[0m11:31:17.914599 [debug] [MainThread]: Parsing macros/adapters/apply_grants.sql
[0m11:31:17.940592 [debug] [MainThread]: Parsing macros/adapters/persist_docs.sql
[0m11:31:17.948662 [debug] [MainThread]: Parsing macros/adapters/columns.sql
[0m11:31:17.968909 [debug] [MainThread]: Parsing macros/adapters/relation.sql
[0m11:31:17.995202 [debug] [MainThread]: Parsing macros/adapters/schema.sql
[0m11:31:17.998926 [debug] [MainThread]: Parsing macros/adapters/metadata.sql
[0m11:31:18.012913 [debug] [MainThread]: Parsing macros/adapters/freshness.sql
[0m11:31:18.018055 [debug] [MainThread]: Parsing macros/generic_test_sql/unique.sql
[0m11:31:18.019377 [debug] [MainThread]: Parsing macros/generic_test_sql/not_null.sql
[0m11:31:18.021722 [debug] [MainThread]: Parsing macros/generic_test_sql/accepted_values.sql
[0m11:31:18.026356 [debug] [MainThread]: Parsing macros/generic_test_sql/relationships.sql
[0m11:31:18.027979 [debug] [MainThread]: Parsing macros/materializations/hooks.sql
[0m11:31:18.034224 [debug] [MainThread]: Parsing macros/materializations/configs.sql
[0m11:31:18.039385 [debug] [MainThread]: Parsing macros/materializations/seeds/seed.sql
[0m11:31:18.052171 [debug] [MainThread]: Parsing macros/materializations/seeds/helpers.sql
[0m11:31:18.088047 [debug] [MainThread]: Parsing macros/materializations/tests/where_subquery.sql
[0m11:31:18.093271 [debug] [MainThread]: Parsing macros/materializations/tests/helpers.sql
[0m11:31:18.096514 [debug] [MainThread]: Parsing macros/materializations/tests/test.sql
[0m11:31:18.103953 [debug] [MainThread]: Parsing macros/materializations/snapshots/helpers.sql
[0m11:31:18.129940 [debug] [MainThread]: Parsing macros/materializations/snapshots/snapshot_merge.sql
[0m11:31:18.132719 [debug] [MainThread]: Parsing macros/materializations/snapshots/strategies.sql
[0m11:31:18.166772 [debug] [MainThread]: Parsing macros/materializations/snapshots/snapshot.sql
[0m11:31:18.193375 [debug] [MainThread]: Parsing macros/materializations/models/view/create_view_as.sql
[0m11:31:18.197647 [debug] [MainThread]: Parsing macros/materializations/models/view/create_or_replace_view.sql
[0m11:31:18.204089 [debug] [MainThread]: Parsing macros/materializations/models/view/helpers.sql
[0m11:31:18.208132 [debug] [MainThread]: Parsing macros/materializations/models/view/view.sql
[0m11:31:18.216961 [debug] [MainThread]: Parsing macros/materializations/models/incremental/is_incremental.sql
[0m11:31:18.219788 [debug] [MainThread]: Parsing macros/materializations/models/incremental/on_schema_change.sql
[0m11:31:18.250648 [debug] [MainThread]: Parsing macros/materializations/models/incremental/incremental.sql
[0m11:31:18.268527 [debug] [MainThread]: Parsing macros/materializations/models/incremental/column_helpers.sql
[0m11:31:18.279061 [debug] [MainThread]: Parsing macros/materializations/models/incremental/merge.sql
[0m11:31:18.309287 [debug] [MainThread]: Parsing macros/materializations/models/table/create_table_as.sql
[0m11:31:18.314236 [debug] [MainThread]: Parsing macros/materializations/models/table/table.sql
[0m11:31:18.325955 [debug] [MainThread]: Parsing macros/etc/datetime.sql
[0m11:31:18.342697 [debug] [MainThread]: Parsing macros/etc/statement.sql
[0m11:31:18.350595 [debug] [MainThread]: Parsing tests/generic/builtin.sql
[0m11:31:18.817294 [debug] [MainThread]: 1699: static parser successfully parsed example/my_second_dbt_model.sql
[0m11:31:18.840181 [debug] [MainThread]: 1699: static parser successfully parsed example/my_first_dbt_model.sql
[0m11:31:18.949237 [debug] [MainThread]: Sending event: {'category': 'dbt', 'action': 'load_project', 'label': '5c460c3f-95eb-402a-89d3-a4f57cded7ea', 'context': [<snowplow_tracker.self_describing_json.SelfDescribingJson object at 0x7f35548254f0>]}
[0m11:31:18.960534 [debug] [MainThread]: Sending event: {'category': 'dbt', 'action': 'resource_counts', 'label': '5c460c3f-95eb-402a-89d3-a4f57cded7ea', 'context': [<snowplow_tracker.self_describing_json.SelfDescribingJson object at 0x7f35547fdfa0>]}
[0m11:31:18.961275 [info ] [MainThread]: Found 2 models, 4 tests, 0 snapshots, 0 analyses, 256 macros, 0 operations, 0 seed files, 0 sources, 0 exposures, 0 metrics
[0m11:31:18.961749 [debug] [MainThread]: Sending event: {'category': 'dbt', 'action': 'runnable_timing', 'label': '5c460c3f-95eb-402a-89d3-a4f57cded7ea', 'context': [<snowplow_tracker.self_describing_json.SelfDescribingJson object at 0x7f35548f0280>]}
[0m11:31:18.963911 [info ] [MainThread]: 
[0m11:31:18.964743 [debug] [MainThread]: Acquiring new postgres connection "master"
[0m11:31:18.966259 [debug] [ThreadPool]: Acquiring new postgres connection "list_postgres"
[0m11:31:18.985046 [debug] [ThreadPool]: Using postgres connection "list_postgres"
[0m11:31:18.985372 [debug] [ThreadPool]: On list_postgres: /* {"app": "dbt", "dbt_version": "1.2.0", "profile_name": "dbt_learning", "target_name": "dev", "connection_name": "list_postgres"} */

    select distinct nspname from pg_namespace
  
[0m11:31:18.985783 [debug] [ThreadPool]: Opening a new connection, currently in state init
[0m11:31:19.007621 [debug] [ThreadPool]: SQL status: SELECT 5 in 0.02 seconds
[0m11:31:19.010297 [debug] [ThreadPool]: On list_postgres: Close
[0m11:31:19.012038 [debug] [ThreadPool]: Acquiring new postgres connection "list_postgres_dev_dbt"
[0m11:31:19.023947 [debug] [ThreadPool]: Using postgres connection "list_postgres_dev_dbt"
[0m11:31:19.024551 [debug] [ThreadPool]: On list_postgres_dev_dbt: BEGIN
[0m11:31:19.024849 [debug] [ThreadPool]: Opening a new connection, currently in state closed
[0m11:31:19.041712 [debug] [ThreadPool]: SQL status: BEGIN in 0.02 seconds
[0m11:31:19.042143 [debug] [ThreadPool]: Using postgres connection "list_postgres_dev_dbt"
[0m11:31:19.042428 [debug] [ThreadPool]: On list_postgres_dev_dbt: /* {"app": "dbt", "dbt_version": "1.2.0", "profile_name": "dbt_learning", "target_name": "dev", "connection_name": "list_postgres_dev_dbt"} */
select
      'postgres' as database,
      tablename as name,
      schemaname as schema,
      'table' as type
    from pg_tables
    where schemaname ilike 'dev_dbt'
    union all
    select
      'postgres' as database,
      viewname as name,
      schemaname as schema,
      'view' as type
    from pg_views
    where schemaname ilike 'dev_dbt'
  
[0m11:31:19.046972 [debug] [ThreadPool]: SQL status: SELECT 0 in 0.0 seconds
[0m11:31:19.048609 [debug] [ThreadPool]: On list_postgres_dev_dbt: ROLLBACK
[0m11:31:19.049171 [debug] [ThreadPool]: On list_postgres_dev_dbt: Close
[0m11:31:19.056530 [debug] [MainThread]: Using postgres connection "master"
[0m11:31:19.056909 [debug] [MainThread]: On master: BEGIN
[0m11:31:19.057249 [debug] [MainThread]: Opening a new connection, currently in state init
[0m11:31:19.074638 [debug] [MainThread]: SQL status: BEGIN in 0.02 seconds
[0m11:31:19.075025 [debug] [MainThread]: Using postgres connection "master"
[0m11:31:19.075366 [debug] [MainThread]: On master: /* {"app": "dbt", "dbt_version": "1.2.0", "profile_name": "dbt_learning", "target_name": "dev", "connection_name": "master"} */
with relation as (
        select
            pg_rewrite.ev_class as class,
            pg_rewrite.oid as id
        from pg_rewrite
    ),
    class as (
        select
            oid as id,
            relname as name,
            relnamespace as schema,
            relkind as kind
        from pg_class
    ),
    dependency as (
        select distinct
            pg_depend.objid as id,
            pg_depend.refobjid as ref
        from pg_depend
    ),
    schema as (
        select
            pg_namespace.oid as id,
            pg_namespace.nspname as name
        from pg_namespace
        where nspname != 'information_schema' and nspname not like 'pg\_%'
    ),
    referenced as (
        select
            relation.id AS id,
            referenced_class.name ,
            referenced_class.schema ,
            referenced_class.kind
        from relation
        join class as referenced_class on relation.class=referenced_class.id
        where referenced_class.kind in ('r', 'v')
    ),
    relationships as (
        select
            referenced.name as referenced_name,
            referenced.schema as referenced_schema_id,
            dependent_class.name as dependent_name,
            dependent_class.schema as dependent_schema_id,
            referenced.kind as kind
        from referenced
        join dependency on referenced.id=dependency.id
        join class as dependent_class on dependency.ref=dependent_class.id
        where
            (referenced.name != dependent_class.name or
             referenced.schema != dependent_class.schema)
    )

    select
        referenced_schema.name as referenced_schema,
        relationships.referenced_name as referenced_name,
        dependent_schema.name as dependent_schema,
        relationships.dependent_name as dependent_name
    from relationships
    join schema as dependent_schema on relationships.dependent_schema_id=dependent_schema.id
    join schema as referenced_schema on relationships.referenced_schema_id=referenced_schema.id
    group by referenced_schema, referenced_name, dependent_schema, dependent_name
    order by referenced_schema, referenced_name, dependent_schema, dependent_name;
[0m11:31:19.079972 [debug] [MainThread]: SQL status: SELECT 0 in 0.0 seconds
[0m11:31:19.081530 [debug] [MainThread]: Sending event: {'category': 'dbt', 'action': 'runnable_timing', 'label': '5c460c3f-95eb-402a-89d3-a4f57cded7ea', 'context': [<snowplow_tracker.self_describing_json.SelfDescribingJson object at 0x7f355484adf0>]}
[0m11:31:19.082015 [debug] [MainThread]: On master: ROLLBACK
[0m11:31:19.082537 [debug] [MainThread]: Using postgres connection "master"
[0m11:31:19.082810 [debug] [MainThread]: On master: BEGIN
[0m11:31:19.083541 [debug] [MainThread]: SQL status: BEGIN in 0.0 seconds
[0m11:31:19.083953 [debug] [MainThread]: On master: COMMIT
[0m11:31:19.084393 [debug] [MainThread]: Using postgres connection "master"
[0m11:31:19.084702 [debug] [MainThread]: On master: COMMIT
[0m11:31:19.085115 [debug] [MainThread]: SQL status: COMMIT in 0.0 seconds
[0m11:31:19.085406 [debug] [MainThread]: On master: Close
[0m11:31:19.086256 [info ] [MainThread]: Concurrency: 1 threads (target='dev')
[0m11:31:19.086848 [info ] [MainThread]: 
[0m11:31:19.093921 [debug] [Thread-1  ]: Began running node model.dbt_learning.my_first_dbt_model
[0m11:31:19.094766 [info ] [Thread-1  ]: 1 of 2 START table model dev_dbt.my_first_dbt_model ............................ [RUN]
[0m11:31:19.096008 [debug] [Thread-1  ]: Acquiring new postgres connection "model.dbt_learning.my_first_dbt_model"
[0m11:31:19.096289 [debug] [Thread-1  ]: Began compiling node model.dbt_learning.my_first_dbt_model
[0m11:31:19.096582 [debug] [Thread-1  ]: Compiling model.dbt_learning.my_first_dbt_model
[0m11:31:19.100982 [debug] [Thread-1  ]: Writing injected SQL for node "model.dbt_learning.my_first_dbt_model"
[0m11:31:19.101739 [debug] [Thread-1  ]: finished collecting timing info
[0m11:31:19.102360 [debug] [Thread-1  ]: Began executing node model.dbt_learning.my_first_dbt_model
[0m11:31:19.178459 [debug] [Thread-1  ]: Writing runtime SQL for node "model.dbt_learning.my_first_dbt_model"
[0m11:31:19.179262 [debug] [Thread-1  ]: Using postgres connection "model.dbt_learning.my_first_dbt_model"
[0m11:31:19.179521 [debug] [Thread-1  ]: On model.dbt_learning.my_first_dbt_model: BEGIN
[0m11:31:19.179750 [debug] [Thread-1  ]: Opening a new connection, currently in state closed
[0m11:31:19.196266 [debug] [Thread-1  ]: SQL status: BEGIN in 0.02 seconds
[0m11:31:19.196605 [debug] [Thread-1  ]: Using postgres connection "model.dbt_learning.my_first_dbt_model"
[0m11:31:19.196852 [debug] [Thread-1  ]: On model.dbt_learning.my_first_dbt_model: /* {"app": "dbt", "dbt_version": "1.2.0", "profile_name": "dbt_learning", "target_name": "dev", "node_id": "model.dbt_learning.my_first_dbt_model"} */


  create  table "postgres"."dev_dbt"."my_first_dbt_model__dbt_tmp"
  as (
    /*
    Welcome to your first dbt model!
    Did you know that you can also configure models directly within SQL files?
    This will override configurations stated in dbt_project.yml

    Try changing "table" to "view" below
*/



with source_data as (

    select 1 as id
    union all
    select null as id

)

select *
from source_data

/*
    Uncomment the line below to remove records with null `id` values
*/

-- where id is not null
  );
[0m11:31:25.951587 [debug] [Thread-1  ]: SQL status: SELECT 2 in 6.75 seconds
[0m11:31:26.015211 [debug] [Thread-1  ]: Using postgres connection "model.dbt_learning.my_first_dbt_model"
[0m11:31:26.017273 [debug] [Thread-1  ]: On model.dbt_learning.my_first_dbt_model: /* {"app": "dbt", "dbt_version": "1.2.0", "profile_name": "dbt_learning", "target_name": "dev", "node_id": "model.dbt_learning.my_first_dbt_model"} */
alter table "postgres"."dev_dbt"."my_first_dbt_model__dbt_tmp" rename to "my_first_dbt_model"
[0m11:31:26.021160 [debug] [Thread-1  ]: SQL status: ALTER TABLE in 0.0 seconds
[0m11:31:26.077675 [debug] [Thread-1  ]: On model.dbt_learning.my_first_dbt_model: COMMIT
[0m11:31:26.078125 [debug] [Thread-1  ]: Using postgres connection "model.dbt_learning.my_first_dbt_model"
[0m11:31:26.078424 [debug] [Thread-1  ]: On model.dbt_learning.my_first_dbt_model: COMMIT
[0m11:31:26.080424 [debug] [Thread-1  ]: SQL status: COMMIT in 0.0 seconds
[0m11:31:26.088319 [debug] [Thread-1  ]: Using postgres connection "model.dbt_learning.my_first_dbt_model"
[0m11:31:26.088842 [debug] [Thread-1  ]: On model.dbt_learning.my_first_dbt_model: /* {"app": "dbt", "dbt_version": "1.2.0", "profile_name": "dbt_learning", "target_name": "dev", "node_id": "model.dbt_learning.my_first_dbt_model"} */
drop table if exists "postgres"."dev_dbt"."my_first_dbt_model__dbt_backup" cascade
[0m11:31:26.089571 [debug] [Thread-1  ]: SQL status: DROP TABLE in 0.0 seconds
[0m11:31:26.091435 [debug] [Thread-1  ]: finished collecting timing info
[0m11:31:26.091848 [debug] [Thread-1  ]: On model.dbt_learning.my_first_dbt_model: Close
[0m11:31:26.092716 [debug] [Thread-1  ]: Sending event: {'category': 'dbt', 'action': 'run_model', 'label': '5c460c3f-95eb-402a-89d3-a4f57cded7ea', 'context': [<snowplow_tracker.self_describing_json.SelfDescribingJson object at 0x7f3554132340>]}
[0m11:31:26.093340 [info ] [Thread-1  ]: 1 of 2 OK created table model dev_dbt.my_first_dbt_model ....................... [[32mSELECT 2[0m in 7.00s]
[0m11:31:26.094300 [debug] [Thread-1  ]: Finished running node model.dbt_learning.my_first_dbt_model
[0m11:31:26.095462 [debug] [Thread-1  ]: Began running node model.dbt_learning.my_second_dbt_model
[0m11:31:26.095911 [info ] [Thread-1  ]: 2 of 2 START view model dev_dbt.my_second_dbt_model ............................ [RUN]
[0m11:31:26.096659 [debug] [Thread-1  ]: Acquiring new postgres connection "model.dbt_learning.my_second_dbt_model"
[0m11:31:26.096920 [debug] [Thread-1  ]: Began compiling node model.dbt_learning.my_second_dbt_model
[0m11:31:26.097161 [debug] [Thread-1  ]: Compiling model.dbt_learning.my_second_dbt_model
[0m11:31:26.100786 [debug] [Thread-1  ]: Writing injected SQL for node "model.dbt_learning.my_second_dbt_model"
[0m11:31:26.101289 [debug] [Thread-1  ]: finished collecting timing info
[0m11:31:26.101559 [debug] [Thread-1  ]: Began executing node model.dbt_learning.my_second_dbt_model
[0m11:31:26.139821 [debug] [Thread-1  ]: Writing runtime SQL for node "model.dbt_learning.my_second_dbt_model"
[0m11:31:26.140766 [debug] [Thread-1  ]: Using postgres connection "model.dbt_learning.my_second_dbt_model"
[0m11:31:26.141393 [debug] [Thread-1  ]: On model.dbt_learning.my_second_dbt_model: BEGIN
[0m11:31:26.141940 [debug] [Thread-1  ]: Opening a new connection, currently in state closed
[0m11:31:26.158958 [debug] [Thread-1  ]: SQL status: BEGIN in 0.02 seconds
[0m11:31:26.159363 [debug] [Thread-1  ]: Using postgres connection "model.dbt_learning.my_second_dbt_model"
[0m11:31:26.159622 [debug] [Thread-1  ]: On model.dbt_learning.my_second_dbt_model: /* {"app": "dbt", "dbt_version": "1.2.0", "profile_name": "dbt_learning", "target_name": "dev", "node_id": "model.dbt_learning.my_second_dbt_model"} */

  create view "postgres"."dev_dbt"."my_second_dbt_model__dbt_tmp" as (
    -- Use the `ref` function to select from other models

select *
from "postgres"."dev_dbt"."my_first_dbt_model"
where id = 1
  );
[0m11:31:26.165088 [debug] [Thread-1  ]: SQL status: CREATE VIEW in 0.01 seconds
[0m11:31:26.169163 [debug] [Thread-1  ]: Using postgres connection "model.dbt_learning.my_second_dbt_model"
[0m11:31:26.169590 [debug] [Thread-1  ]: On model.dbt_learning.my_second_dbt_model: /* {"app": "dbt", "dbt_version": "1.2.0", "profile_name": "dbt_learning", "target_name": "dev", "node_id": "model.dbt_learning.my_second_dbt_model"} */
alter table "postgres"."dev_dbt"."my_second_dbt_model__dbt_tmp" rename to "my_second_dbt_model"
[0m11:31:26.171402 [debug] [Thread-1  ]: SQL status: ALTER TABLE in 0.0 seconds
[0m11:31:26.175395 [debug] [Thread-1  ]: On model.dbt_learning.my_second_dbt_model: COMMIT
[0m11:31:26.175790 [debug] [Thread-1  ]: Using postgres connection "model.dbt_learning.my_second_dbt_model"
[0m11:31:26.176067 [debug] [Thread-1  ]: On model.dbt_learning.my_second_dbt_model: COMMIT
[0m11:31:26.178199 [debug] [Thread-1  ]: SQL status: COMMIT in 0.0 seconds
[0m11:31:26.180980 [debug] [Thread-1  ]: Using postgres connection "model.dbt_learning.my_second_dbt_model"
[0m11:31:26.181272 [debug] [Thread-1  ]: On model.dbt_learning.my_second_dbt_model: /* {"app": "dbt", "dbt_version": "1.2.0", "profile_name": "dbt_learning", "target_name": "dev", "node_id": "model.dbt_learning.my_second_dbt_model"} */
drop view if exists "postgres"."dev_dbt"."my_second_dbt_model__dbt_backup" cascade
[0m11:31:26.181848 [debug] [Thread-1  ]: SQL status: DROP VIEW in 0.0 seconds
[0m11:31:26.183381 [debug] [Thread-1  ]: finished collecting timing info
[0m11:31:26.183745 [debug] [Thread-1  ]: On model.dbt_learning.my_second_dbt_model: Close
[0m11:31:26.184772 [debug] [Thread-1  ]: Sending event: {'category': 'dbt', 'action': 'run_model', 'label': '5c460c3f-95eb-402a-89d3-a4f57cded7ea', 'context': [<snowplow_tracker.self_describing_json.SelfDescribingJson object at 0x7f355408bbe0>]}
[0m11:31:26.185486 [info ] [Thread-1  ]: 2 of 2 OK created view model dev_dbt.my_second_dbt_model ....................... [[32mCREATE VIEW[0m in 0.09s]
[0m11:31:26.186363 [debug] [Thread-1  ]: Finished running node model.dbt_learning.my_second_dbt_model
[0m11:31:26.188199 [debug] [MainThread]: Acquiring new postgres connection "master"
[0m11:31:26.188613 [debug] [MainThread]: Using postgres connection "master"
[0m11:31:26.189032 [debug] [MainThread]: On master: BEGIN
[0m11:31:26.189499 [debug] [MainThread]: Opening a new connection, currently in state closed
[0m11:31:26.208059 [debug] [MainThread]: SQL status: BEGIN in 0.02 seconds
[0m11:31:26.208517 [debug] [MainThread]: On master: COMMIT
[0m11:31:26.208792 [debug] [MainThread]: Using postgres connection "master"
[0m11:31:26.209033 [debug] [MainThread]: On master: COMMIT
[0m11:31:26.209542 [debug] [MainThread]: SQL status: COMMIT in 0.0 seconds
[0m11:31:26.210019 [debug] [MainThread]: On master: Close
[0m11:31:26.210848 [info ] [MainThread]: 
[0m11:31:26.211783 [info ] [MainThread]: Finished running 1 table model, 1 view model in 0 hours 0 minutes and 7.25 seconds (7.25s).
[0m11:31:26.212850 [debug] [MainThread]: Connection 'master' was properly closed.
[0m11:31:26.213444 [debug] [MainThread]: Connection 'model.dbt_learning.my_second_dbt_model' was properly closed.
[0m11:31:26.224035 [info ] [MainThread]: 
[0m11:31:26.224833 [info ] [MainThread]: [32mCompleted successfully[0m
[0m11:31:26.225743 [info ] [MainThread]: 
[0m11:31:26.226342 [info ] [MainThread]: Done. PASS=2 WARN=0 ERROR=0 SKIP=0 TOTAL=2
[0m11:31:26.226935 [debug] [MainThread]: Sending event: {'category': 'dbt', 'action': 'invocation', 'label': 'end', 'context': [<snowplow_tracker.self_describing_json.SelfDescribingJson object at 0x7f35548f0310>, <snowplow_tracker.self_describing_json.SelfDescribingJson object at 0x7f35548f0340>, <snowplow_tracker.self_describing_json.SelfDescribingJson object at 0x7f355408bbe0>]}
